<?xml version="1.0" encoding="UTF-8"?>
<!-- Generated by org.testng.reporters.JUnitXMLReporter -->
<testsuite hostname="CarinaE" name="Surefire test" tests="17" failures="0" timestamp="7 Nov 2016 17:21:30 GMT" time="0.622" errors="0">
  <testcase name="testCheckAnswer_false on testCheckAnswer_false(se.examination.otherclasses.DivGameTest)" time="0.048" classname="se.examination.otherclasses.DivGameTest"/>
  <testcase name="testIsCleared_false on testIsCleared_false(se.examination.otherclasses.DivGameTest)" time="0.023" classname="se.examination.otherclasses.DivGameTest"/>
  <testcase name="testIsCleared_true on testIsCleared_true(se.examination.otherclasses.DivGameTest)" time="0.022" classname="se.examination.otherclasses.DivGameTest"/>
  <testcase name="testRunGame on testRunGame(se.examination.otherclasses.DivGameTest)" time="0.005" classname="se.examination.otherclasses.DivGameTest"/>
  <testcase name="testNewDivArray_getResultArr on testNewDivArray_getResultArr(se.examination.otherclasses.DivGameTest)" time="0.017" classname="se.examination.otherclasses.DivGameTest"/>
  <testcase name="testCheckAnswer_true on testCheckAnswer_true(se.examination.otherclasses.DivGameTest)" time="0.031" classname="se.examination.otherclasses.DivGameTest"/>
  <testcase name="testSetAndGetPoints on testSetAndGetPoints(se.examination.otherclasses.PlayerTest)" time="0.001" classname="se.examination.otherclasses.PlayerTest"/>
  <testcase name="testSetAndGetCompleted on testSetAndGetCompleted(se.examination.otherclasses.PlayerTest)" time="0.002" classname="se.examination.otherclasses.PlayerTest"/>
  <testcase name="testIncreasePoints on testIncreasePoints(se.examination.otherclasses.PlayerTest)" time="0.001" classname="se.examination.otherclasses.PlayerTest"/>
  <testcase name="testSetAndGetName on testSetAndGetName(se.examination.otherclasses.PlayerTest)" time="0.004" classname="se.examination.otherclasses.PlayerTest"/>
  <testcase name="testIncreaseCompleted on testIncreaseCompleted(se.examination.otherclasses.PlayerTest)" time="0.005" classname="se.examination.otherclasses.PlayerTest"/>
  <testcase name="testCheckAnswer_false on testCheckAnswer_false(se.examination.otherclasses.MultiGameTest)" time="0.028" classname="se.examination.otherclasses.MultiGameTest"/>
  <testcase name="testNewMultArray_getResultArr on testNewMultArray_getResultArr(se.examination.otherclasses.MultiGameTest)" time="0.008" classname="se.examination.otherclasses.MultiGameTest"/>
  <testcase name="testIsCleared on testIsCleared(se.examination.otherclasses.MultiGameTest)" time="0.029" classname="se.examination.otherclasses.MultiGameTest"/>
  <testcase name="testRunGame on testRunGame(se.examination.otherclasses.MultiGameTest)" time="0.002" classname="se.examination.otherclasses.MultiGameTest"/>
  <testcase name="testCheckAnswer_true on testCheckAnswer_true(se.examination.otherclasses.MultiGameTest)" time="0.048" classname="se.examination.otherclasses.MultiGameTest"/>
  <testcase name="testSaveDivGameToFile on testSaveDivGameToFile(se.examination.otherclasses.FileHandlerTest)" time="0.011" classname="se.examination.otherclasses.FileHandlerTest"/>
</testsuite> <!-- Surefire test -->
